<?xml version="1.0" encoding="UTF-8"?>
<!-- Generated by org.testng.reporters.JUnitReportReporter -->
<testsuite hostname="BINTERNS-QA34L" failures="0" tests="3" name="amazon.amazon_Test.Signin" time="32.389" errors="0" timestamp="2023-05-16T17:43:20 IST" skipped="0">
  <testcase classname="amazon.amazon_Test.Signin" name="Signin1" time="23.755"/>
  <system-out/>
  <testcase classname="amazon.amazon_Test.Signin" name="deliver" time="4.825"/>
  <system-out/>
  <testcase classname="amazon.amazon_Test.Signin" name="Orders" time="3.809"/>
  <system-out/>
</testsuite> <!-- amazon.amazon_Test.Signin -->
