<?xml version="1.0" encoding="UTF-8"?>
<!-- Generated by org.testng.reporters.JUnitReportReporter -->
<testsuite hostname="BINTERNS-QA34L" failures="0" tests="3" name="amazon.amazon_Test.Signin" time="31.802" errors="0" timestamp="2023-05-16T17:58:03 IST" skipped="0">
  <testcase classname="amazon.amazon_Test.Signin" name="Signin1" time="25.259"/>
  <system-out/>
  <testcase classname="amazon.amazon_Test.Signin" name="deliver" time="2.825"/>
  <system-out/>
  <testcase classname="amazon.amazon_Test.Signin" name="Orders" time="3.718"/>
  <system-out/>
</testsuite> <!-- amazon.amazon_Test.Signin -->
